<?xml version="1.0" encoding="UTF-8"?>
<!-- Generated by org.testng.reporters.JUnitXMLReporter -->
<testsuite ignored="0" hostname="slearn-xbt" failures="0" tests="4" name="Login-Only Tests" time="34.527" errors="0" timestamp="2021-12-20T14:37:44 MYT">
  <testcase classname="testSuites.LoginTest" name="invalidLoginTest" time="8.362"/>
  <testcase classname="testSuites.LoginTest" name="invalidLoginTest" time="5.149"/>
  <testcase classname="testSuites.LoginTest" name="validUserLoginTest" time="7.845"/>
  <testcase classname="testSuites.LoginTest" name="validAdminLoginTest" time="8.758"/>
</testsuite> <!-- Login-Only Tests -->
