<?xml version="1.0" encoding="UTF-8"?>
<!-- Generated by org.testng.reporters.JUnitXMLReporter -->
<testsuite ignored="0" hostname="slearn-xbt" failures="0" tests="4" name="Login-Only Tests" time="33.643" errors="0" timestamp="2021-12-20T17:20:40 MYT">
  <testcase classname="testSuites.LoginTest" name="invalidLoginTest" time="7.831"/>
  <testcase classname="testSuites.LoginTest" name="invalidLoginTest" time="5.057"/>
  <testcase classname="testSuites.LoginTest" name="validUserLoginTest" time="7.783"/>
  <testcase classname="testSuites.LoginTest" name="validAdminLoginTest" time="8.625"/>
</testsuite> <!-- Login-Only Tests -->
